<?xml version="1.0" encoding="UTF-8"?>
<!-- Generated by org.testng.reporters.JUnitReportReporter -->
<testsuite hostname="DESKTOP-UR1VNPV" failures="0" tests="1" name="com.Test.Search_Fiels" time="5.389" errors="0" timestamp="2023-12-21T15:45:27 IST" skipped="0">
  <testcase classname="com.Test.Search_Fiels" name="search" time="5.389"/>
</testsuite> <!-- com.Test.Search_Fiels -->
